<?xml version="1.0" encoding="UTF-8"?>
<testng-results skipped="6" failed="0" total="6" passed="0">
  <reporter-output>
  </reporter-output>
  <suite name="Suite" duration-ms="99262" started-at="2019-10-15T05:10:45Z" finished-at="2019-10-15T05:12:24Z">
    <groups>
    </groups>
    <test name="Test" duration-ms="99262" started-at="2019-10-15T05:10:45Z" finished-at="2019-10-15T05:12:24Z">
      <class name="TestPackage.ValidateSignUpPage">
        <test-method status="PASS" signature="bsuite()[pri:0, instance:TestPackage.ValidateSignUpPage@6d8a00e3]" name="bsuite" is-config="true" duration-ms="1139" started-at="2019-10-15T10:40:44Z" finished-at="2019-10-15T10:40:45Z">
          <reporter-output>
          </reporter-output>
        </test-method> <!-- bsuite -->
        <test-method status="SKIP" signature="CheckHomePage()[pri:0, instance:TestPackage.ValidateSignUpPage@6d8a00e3]" name="CheckHomePage" duration-ms="2" started-at="2019-10-15T10:42:24Z" finished-at="2019-10-15T10:42:24Z">
          <reporter-output>
          </reporter-output>
        </test-method> <!-- CheckHomePage -->
      </class> <!-- TestPackage.ValidateSignUpPage -->
      <class name="TestPackage.ValidateHotelSearch">
        <test-method status="SKIP" signature="CheckHotelSearch()[pri:0, instance:TestPackage.ValidateHotelSearch@51081592]" name="CheckHotelSearch" duration-ms="2" started-at="2019-10-15T10:42:24Z" finished-at="2019-10-15T10:42:24Z">
          <reporter-output>
          </reporter-output>
        </test-method> <!-- CheckHotelSearch -->
      </class> <!-- TestPackage.ValidateHotelSearch -->
      <class name="TestPackage.ValidateCarSearch">
        <test-method status="SKIP" signature="CheckCarSearch()[pri:0, instance:TestPackage.ValidateCarSearch@396a51ab]" name="CheckCarSearch" duration-ms="2" started-at="2019-10-15T10:42:24Z" finished-at="2019-10-15T10:42:24Z">
          <reporter-output>
          </reporter-output>
        </test-method> <!-- CheckCarSearch -->
      </class> <!-- TestPackage.ValidateCarSearch -->
      <class name="TestPackage.ValidateCarBookingAsUser">
        <test-method status="SKIP" signature="BookAsExistingUser()[pri:0, instance:TestPackage.ValidateCarBookingAsUser@7f9a81e8]" name="BookAsExistingUser" duration-ms="13" started-at="2019-10-15T10:42:24Z" finished-at="2019-10-15T10:42:24Z">
          <reporter-output>
          </reporter-output>
        </test-method> <!-- BookAsExistingUser -->
      </class> <!-- TestPackage.ValidateCarBookingAsUser -->
      <class name="TestPackage.ValidateCarBookingAsGuest">
        <test-method status="PASS" signature="preConditions()[pri:0, instance:TestPackage.ValidateCarBookingAsGuest@9629756]" name="preConditions" is-config="true" duration-ms="17133" started-at="2019-10-15T10:40:45Z" finished-at="2019-10-15T10:41:02Z">
          <reporter-output>
          </reporter-output>
        </test-method> <!-- preConditions -->
        <test-method status="PASS" signature="preConditions()[pri:0, instance:TestPackage.ValidateCarBookingAsUser@7f9a81e8]" name="preConditions" is-config="true" duration-ms="21311" started-at="2019-10-15T10:41:02Z" finished-at="2019-10-15T10:41:23Z">
          <reporter-output>
          </reporter-output>
        </test-method> <!-- preConditions -->
        <test-method status="PASS" signature="preConditions()[pri:0, instance:TestPackage.ValidateCarSearch@396a51ab]" name="preConditions" is-config="true" duration-ms="19473" started-at="2019-10-15T10:41:23Z" finished-at="2019-10-15T10:41:43Z">
          <reporter-output>
          </reporter-output>
        </test-method> <!-- preConditions -->
        <test-method status="PASS" signature="preConditions()[pri:0, instance:TestPackage.ValidateHotelSearch@51081592]" name="preConditions" is-config="true" duration-ms="22316" started-at="2019-10-15T10:41:43Z" finished-at="2019-10-15T10:42:05Z">
          <reporter-output>
          </reporter-output>
        </test-method> <!-- preConditions -->
        <test-method status="FAIL" signature="preConditions()[pri:0, instance:TestPackage.ValidateLoginPage@5034c75a]" name="preConditions" is-config="true" duration-ms="0" started-at="2019-10-15T10:42:05Z" finished-at="2019-10-15T10:42:05Z">
          <exception class="org.openqa.selenium.NoSuchWindowException">
            <message>
              <![CDATA[no such window: target window already closed
from unknown error: web view not found
  (Session info: chrome=77.0.3865.120)
Build info: version: '4.0.0-alpha-2', revision: 'f148142cf8', time: '2019-07-01T20:55:26'
System info: host: 'CBT-MH-000', ip: '192.168.84.1', os.name: 'Windows 8.1', os.arch: 'amd64', os.version: '6.3', java.version: '1.8.0_121'
Driver info: org.openqa.selenium.chrome.ChromeDriver
Capabilities {acceptInsecureCerts: false, browserName: chrome, browserVersion: 77.0.3865.120, chrome: {chromedriverVersion: 77.0.3865.40 (f484704e052e0..., userDataDir: C:\Users\ONLINE~1\AppData\L...}, goog:chromeOptions: {debuggerAddress: localhost:56185}, javascriptEnabled: true, networkConnectionEnabled: false, pageLoadStrategy: normal, platform: XP, platformName: XP, proxy: Proxy(), setWindowRect: true, strictFileInteractability: false, timeouts: {implicit: 0, pageLoad: 300000, script: 30000}, unhandledPromptBehavior: dismiss and notify}
Session ID: 663e731fed0701a8ad9f1fcc1f3540fd]]>
            </message>
            <full-stacktrace>
              <![CDATA[org.openqa.selenium.NoSuchWindowException: no such window: target window already closed
from unknown error: web view not found
  (Session info: chrome=77.0.3865.120)
Build info: version: '4.0.0-alpha-2', revision: 'f148142cf8', time: '2019-07-01T20:55:26'
System info: host: 'CBT-MH-000', ip: '192.168.84.1', os.name: 'Windows 8.1', os.arch: 'amd64', os.version: '6.3', java.version: '1.8.0_121'
Driver info: org.openqa.selenium.chrome.ChromeDriver
Capabilities {acceptInsecureCerts: false, browserName: chrome, browserVersion: 77.0.3865.120, chrome: {chromedriverVersion: 77.0.3865.40 (f484704e052e0..., userDataDir: C:\Users\ONLINE~1\AppData\L...}, goog:chromeOptions: {debuggerAddress: localhost:56185}, javascriptEnabled: true, networkConnectionEnabled: false, pageLoadStrategy: normal, platform: XP, platformName: XP, proxy: Proxy(), setWindowRect: true, strictFileInteractability: false, timeouts: {implicit: 0, pageLoad: 300000, script: 30000}, unhandledPromptBehavior: dismiss and notify}
Session ID: 663e731fed0701a8ad9f1fcc1f3540fd
	at sun.reflect.NativeConstructorAccessorImpl.newInstance0(Native Method)
	at sun.reflect.NativeConstructorAccessorImpl.newInstance(NativeConstructorAccessorImpl.java:62)
	at sun.reflect.DelegatingConstructorAccessorImpl.newInstance(DelegatingConstructorAccessorImpl.java:45)
	at java.lang.reflect.Constructor.newInstance(Constructor.java:423)
	at org.openqa.selenium.remote.codec.w3c.W3CHttpResponseCodec.createException(W3CHttpResponseCodec.java:191)
	at org.openqa.selenium.remote.codec.w3c.W3CHttpResponseCodec.decode(W3CHttpResponseCodec.java:125)
	at org.openqa.selenium.remote.codec.w3c.W3CHttpResponseCodec.decode(W3CHttpResponseCodec.java:52)
	at org.openqa.selenium.remote.HttpCommandExecutor.execute(HttpCommandExecutor.java:161)
	at org.openqa.selenium.remote.service.DriverCommandExecutor.execute(DriverCommandExecutor.java:83)
	at org.openqa.selenium.remote.RemoteWebDriver.execute(RemoteWebDriver.java:576)
	at org.openqa.selenium.remote.RemoteWebDriver.execute(RemoteWebDriver.java:633)
	at org.openqa.selenium.remote.RemoteWebDriver.execute(RemoteWebDriver.java:637)
	at org.openqa.selenium.remote.RemoteWebDriver$RemoteWebDriverOptions$RemoteWindow.maximize(RemoteWebDriver.java:884)
	at TestPackage.ValidateLoginPage.preConditions(ValidateLoginPage.java:23)
	at sun.reflect.NativeMethodAccessorImpl.invoke0(Native Method)
	at sun.reflect.NativeMethodAccessorImpl.invoke(NativeMethodAccessorImpl.java:62)
	at sun.reflect.DelegatingMethodAccessorImpl.invoke(DelegatingMethodAccessorImpl.java:43)
	at java.lang.reflect.Method.invoke(Method.java:498)
	at org.testng.internal.MethodInvocationHelper.invokeMethod(MethodInvocationHelper.java:80)
	at org.testng.internal.Invoker.invokeConfigurationMethod(Invoker.java:564)
	at org.testng.internal.Invoker.invokeConfigurations(Invoker.java:213)
	at org.testng.internal.Invoker.invokeConfigurations(Invoker.java:138)
	at org.testng.TestRunner.beforeRun(TestRunner.java:641)
	at org.testng.TestRunner.run(TestRunner.java:609)
	at org.testng.SuiteRunner.runTest(SuiteRunner.java:334)
	at org.testng.SuiteRunner.runSequentially(SuiteRunner.java:329)
	at org.testng.SuiteRunner.privateRun(SuiteRunner.java:291)
	at org.testng.SuiteRunner.run(SuiteRunner.java:240)
	at org.testng.SuiteRunnerWorker.runSuite(SuiteRunnerWorker.java:52)
	at org.testng.SuiteRunnerWorker.run(SuiteRunnerWorker.java:86)
	at org.testng.TestNG.runSuitesSequentially(TestNG.java:1198)
	at org.testng.TestNG.runSuitesLocally(TestNG.java:1123)
	at org.testng.TestNG.run(TestNG.java:1031)
	at org.apache.maven.surefire.testng.TestNGExecutor.run(TestNGExecutor.java:283)
	at org.apache.maven.surefire.testng.TestNGXmlTestSuite.execute(TestNGXmlTestSuite.java:75)
	at org.apache.maven.surefire.testng.TestNGProvider.invoke(TestNGProvider.java:120)
	at org.apache.maven.surefire.booter.ForkedBooter.invokeProviderInSameClassLoader(ForkedBooter.java:384)
	at org.apache.maven.surefire.booter.ForkedBooter.runSuitesInProcess(ForkedBooter.java:345)
	at org.apache.maven.surefire.booter.ForkedBooter.execute(ForkedBooter.java:126)
	at org.apache.maven.surefire.booter.ForkedBooter.main(ForkedBooter.java:418)
]]>
            </full-stacktrace>
          </exception> <!-- org.openqa.selenium.NoSuchWindowException -->
          <reporter-output>
          </reporter-output>
        </test-method> <!-- preConditions -->
        <test-method status="SKIP" signature="preConditions()[pri:0, instance:TestPackage.ValidateSignUpPage@6d8a00e3]" name="preConditions" is-config="true" duration-ms="0" started-at="2019-10-15T10:42:24Z" finished-at="2019-10-15T10:42:24Z">
          <reporter-output>
          </reporter-output>
        </test-method> <!-- preConditions -->
        <test-method status="SKIP" signature="BookAsGuest()[pri:0, instance:TestPackage.ValidateCarBookingAsGuest@9629756]" name="BookAsGuest" duration-ms="20" started-at="2019-10-15T10:42:24Z" finished-at="2019-10-15T10:42:24Z">
          <reporter-output>
          </reporter-output>
        </test-method> <!-- BookAsGuest -->
      </class> <!-- TestPackage.ValidateCarBookingAsGuest -->
      <class name="TestPackage.ValidateLoginPage">
        <test-method status="SKIP" signature="CheckHomePage()[pri:0, instance:TestPackage.ValidateLoginPage@5034c75a]" name="CheckHomePage" duration-ms="2" started-at="2019-10-15T10:42:24Z" finished-at="2019-10-15T10:42:24Z">
          <reporter-output>
          </reporter-output>
        </test-method> <!-- CheckHomePage -->
      </class> <!-- TestPackage.ValidateLoginPage -->
    </test> <!-- Test -->
  </suite> <!-- Suite -->
</testng-results>
