<?xml version="1.0" encoding="UTF-8"?>
<testsuite xmlns:xsi="http://www.w3.org/2001/XMLSchema-instance" xsi:noNamespaceSchemaLocation="https://maven.apache.org/surefire/maven-surefire-plugin/xsd/surefire-test-report-3.0.xsd" version="3.0" name="TestSuite" time="75.635" tests="2" errors="0" skipped="0" failures="2">
  <properties>
[...]
</properties>
  <testcase name="feature" classname="cucumberOptions.TestRunner" time="36.416">
    <failure message="org.openqa.selenium.ElementClickInterceptedException: element click intercepted: Element &lt;a href=&quot;https://www.phptravels.net/cars/united-kingdom/manchester/Kia-Pacanto-2014?&amp;amp;pickupLocation=7&amp;amp;dropoffLocation=7&amp;amp;pickupDate=29/11/2019&amp;amp;pickupTime=09:00&amp;amp;dropoffDate=03/12/2019&amp;amp;dropoffTime=18:00&quot; class=&quot;btn btn-primary btn-sm btn-wide&quot;&gt;...&lt;/a&gt; is not clickable at point (905, 482). Other element would receive the click: &lt;div id=&quot;usertrack-consent&quot; style=&quot;background: white; border-radius: 5px; box-shadow: rgba(0, 0, 0, 0.2) 0px 0px 5px; z-index: 10001; position: fixed; right: 20px; bottom: 20px; font-family: Arial; text-align: center; transform-origin: right center; width: 350px; padding: 20px; opacity: 1; transform: scaleX(1); transition: opacity 0.2s ease-out 0s, transform 0.2s ease-out 0s;&quot;&gt;...&lt;/div&gt;&#10;  (Session info: chrome=78.0.3904.87)&#10;Build info: version: &apos;3.141.59&apos;, revision: &apos;e82be7d358&apos;, time: &apos;2018-11-14T08:17:03&apos;&#10;System info: host: &apos;CBT-MH-000&apos;, ip: &apos;192.168.84.1&apos;, os.name: &apos;Windows 8.1&apos;, os.arch: &apos;x86&apos;, os.version: &apos;6.3&apos;, java.version: &apos;1.8.0_144&apos;&#10;Driver info: org.openqa.selenium.chrome.ChromeDriver&#10;Capabilities {acceptInsecureCerts: false, browserName: chrome, browserVersion: 78.0.3904.87, chrome: {chromedriverVersion: 78.0.3904.70 (edb9c9f3de024..., userDataDir: C:\Windows\TEMP\scoped_dir9...}, goog:chromeOptions: {debuggerAddress: localhost:54491}, javascriptEnabled: true, networkConnectionEnabled: false, pageLoadStrategy: normal, platform: XP, platformName: XP, proxy: Proxy(), setWindowRect: true, strictFileInteractability: false, timeouts: {implicit: 0, pageLoad: 300000, script: 30000}, unhandledPromptBehavior: dismiss and notify}&#10;Session ID: d7a132cd9d78e534f67eac4bf5f39f32" type="cucumber.runtime.CucumberException"><![CDATA[cucumber.runtime.CucumberException: 
org.openqa.selenium.ElementClickInterceptedException: element click intercepted: Element <a href="https://www.phptravels.net/cars/united-kingdom/manchester/Kia-Pacanto-2014?&amp;pickupLocation=7&amp;dropoffLocation=7&amp;pickupDate=29/11/2019&amp;pickupTime=09:00&amp;dropoffDate=03/12/2019&amp;dropoffTime=18:00" class="btn btn-primary btn-sm btn-wide">...</a> is not clickable at point (905, 482). Other element would receive the click: <div id="usertrack-consent" style="background: white; border-radius: 5px; box-shadow: rgba(0, 0, 0, 0.2) 0px 0px 5px; z-index: 10001; position: fixed; right: 20px; bottom: 20px; font-family: Arial; text-align: center; transform-origin: right center; width: 350px; padding: 20px; opacity: 1; transform: scaleX(1); transition: opacity 0.2s ease-out 0s, transform 0.2s ease-out 0s;">...</div>
  (Session info: chrome=78.0.3904.87)
Build info: version: '3.141.59', revision: 'e82be7d358', time: '2018-11-14T08:17:03'
System info: host: 'CBT-MH-000', ip: '192.168.84.1', os.name: 'Windows 8.1', os.arch: 'x86', os.version: '6.3', java.version: '1.8.0_144'
Driver info: org.openqa.selenium.chrome.ChromeDriver
Capabilities {acceptInsecureCerts: false, browserName: chrome, browserVersion: 78.0.3904.87, chrome: {chromedriverVersion: 78.0.3904.70 (edb9c9f3de024..., userDataDir: C:\Windows\TEMP\scoped_dir9...}, goog:chromeOptions: {debuggerAddress: localhost:54491}, javascriptEnabled: true, networkConnectionEnabled: false, pageLoadStrategy: normal, platform: XP, platformName: XP, proxy: Proxy(), setWindowRect: true, strictFileInteractability: false, timeouts: {implicit: 0, pageLoad: 300000, script: 30000}, unhandledPromptBehavior: dismiss and notify}
Session ID: d7a132cd9d78e534f67eac4bf5f39f32
Caused by: org.openqa.selenium.ElementClickInterceptedException: 
element click intercepted: Element <a href="https://www.phptravels.net/cars/united-kingdom/manchester/Kia-Pacanto-2014?&amp;pickupLocation=7&amp;dropoffLocation=7&amp;pickupDate=29/11/2019&amp;pickupTime=09:00&amp;dropoffDate=03/12/2019&amp;dropoffTime=18:00" class="btn btn-primary btn-sm btn-wide">...</a> is not clickable at point (905, 482). Other element would receive the click: <div id="usertrack-consent" style="background: white; border-radius: 5px; box-shadow: rgba(0, 0, 0, 0.2) 0px 0px 5px; z-index: 10001; position: fixed; right: 20px; bottom: 20px; font-family: Arial; text-align: center; transform-origin: right center; width: 350px; padding: 20px; opacity: 1; transform: scaleX(1); transition: opacity 0.2s ease-out 0s, transform 0.2s ease-out 0s;">...</div>
  (Session info: chrome=78.0.3904.87)
Build info: version: '3.141.59', revision: 'e82be7d358', time: '2018-11-14T08:17:03'
System info: host: 'CBT-MH-000', ip: '192.168.84.1', os.name: 'Windows 8.1', os.arch: 'x86', os.version: '6.3', java.version: '1.8.0_144'
Driver info: org.openqa.selenium.chrome.ChromeDriver
Capabilities {acceptInsecureCerts: false, browserName: chrome, browserVersion: 78.0.3904.87, chrome: {chromedriverVersion: 78.0.3904.70 (edb9c9f3de024..., userDataDir: C:\Windows\TEMP\scoped_dir9...}, goog:chromeOptions: {debuggerAddress: localhost:54491}, javascriptEnabled: true, networkConnectionEnabled: false, pageLoadStrategy: normal, platform: XP, platformName: XP, proxy: Proxy(), setWindowRect: true, strictFileInteractability: false, timeouts: {implicit: 0, pageLoad: 300000, script: 30000}, unhandledPromptBehavior: dismiss and notify}
Session ID: d7a132cd9d78e534f67eac4bf5f39f32
]]></failure>
    <system-out><![CDATA[150
]]></system-out>
    <system-err><![CDATA[Starting ChromeDriver 78.0.3904.70 (edb9c9f3de0247fd912a77b7f6cae7447f6d3ad5-refs/branch-heads/3904@{#800}) on port 7701
Only local connections are allowed.
Please protect ports used by ChromeDriver and related test frameworks to prevent access by malicious code.
Nov 05, 2019 5:01:08 PM org.openqa.selenium.remote.ProtocolHandshake createSession
INFO: Detected dialect: W3C
]]></system-err>
  </testcase>
  <testcase name="feature" classname="cucumberOptions.TestRunner" time="37.574">
    <failure message="org.openqa.selenium.ElementClickInterceptedException: element click intercepted: Element &lt;a href=&quot;https://www.phptravels.net/cars/united-kingdom/manchester/Kia-Pacanto-2014?&amp;amp;pickupLocation=7&amp;amp;dropoffLocation=7&amp;amp;pickupDate=29/11/2019&amp;amp;pickupTime=09:00&amp;amp;dropoffDate=03/12/2019&amp;amp;dropoffTime=18:00&quot; class=&quot;btn btn-primary btn-sm btn-wide&quot;&gt;...&lt;/a&gt; is not clickable at point (905, 482). Other element would receive the click: &lt;div id=&quot;usertrack-consent&quot; style=&quot;background: white; border-radius: 5px; box-shadow: rgba(0, 0, 0, 0.2) 0px 0px 5px; z-index: 10001; position: fixed; right: 20px; bottom: 20px; font-family: Arial; text-align: center; transform-origin: right center; width: 350px; padding: 20px; opacity: 1; transform: scaleX(1); transition: opacity 0.2s ease-out 0s, transform 0.2s ease-out 0s;&quot;&gt;...&lt;/div&gt;&#10;  (Session info: chrome=78.0.3904.87)&#10;Build info: version: &apos;3.141.59&apos;, revision: &apos;e82be7d358&apos;, time: &apos;2018-11-14T08:17:03&apos;&#10;System info: host: &apos;CBT-MH-000&apos;, ip: &apos;192.168.84.1&apos;, os.name: &apos;Windows 8.1&apos;, os.arch: &apos;x86&apos;, os.version: &apos;6.3&apos;, java.version: &apos;1.8.0_144&apos;&#10;Driver info: org.openqa.selenium.chrome.ChromeDriver&#10;Capabilities {acceptInsecureCerts: false, browserName: chrome, browserVersion: 78.0.3904.87, chrome: {chromedriverVersion: 78.0.3904.70 (edb9c9f3de024..., userDataDir: C:\Windows\TEMP\scoped_dir1...}, goog:chromeOptions: {debuggerAddress: localhost:54562}, javascriptEnabled: true, networkConnectionEnabled: false, pageLoadStrategy: normal, platform: XP, platformName: XP, proxy: Proxy(), setWindowRect: true, strictFileInteractability: false, timeouts: {implicit: 0, pageLoad: 300000, script: 30000}, unhandledPromptBehavior: dismiss and notify}&#10;Session ID: 6b7bdbab7cbef012723ab2358a5c1da2" type="cucumber.runtime.CucumberException"><![CDATA[cucumber.runtime.CucumberException: 
org.openqa.selenium.ElementClickInterceptedException: element click intercepted: Element <a href="https://www.phptravels.net/cars/united-kingdom/manchester/Kia-Pacanto-2014?&amp;pickupLocation=7&amp;dropoffLocation=7&amp;pickupDate=29/11/2019&amp;pickupTime=09:00&amp;dropoffDate=03/12/2019&amp;dropoffTime=18:00" class="btn btn-primary btn-sm btn-wide">...</a> is not clickable at point (905, 482). Other element would receive the click: <div id="usertrack-consent" style="background: white; border-radius: 5px; box-shadow: rgba(0, 0, 0, 0.2) 0px 0px 5px; z-index: 10001; position: fixed; right: 20px; bottom: 20px; font-family: Arial; text-align: center; transform-origin: right center; width: 350px; padding: 20px; opacity: 1; transform: scaleX(1); transition: opacity 0.2s ease-out 0s, transform 0.2s ease-out 0s;">...</div>
  (Session info: chrome=78.0.3904.87)
Build info: version: '3.141.59', revision: 'e82be7d358', time: '2018-11-14T08:17:03'
System info: host: 'CBT-MH-000', ip: '192.168.84.1', os.name: 'Windows 8.1', os.arch: 'x86', os.version: '6.3', java.version: '1.8.0_144'
Driver info: org.openqa.selenium.chrome.ChromeDriver
Capabilities {acceptInsecureCerts: false, browserName: chrome, browserVersion: 78.0.3904.87, chrome: {chromedriverVersion: 78.0.3904.70 (edb9c9f3de024..., userDataDir: C:\Windows\TEMP\scoped_dir1...}, goog:chromeOptions: {debuggerAddress: localhost:54562}, javascriptEnabled: true, networkConnectionEnabled: false, pageLoadStrategy: normal, platform: XP, platformName: XP, proxy: Proxy(), setWindowRect: true, strictFileInteractability: false, timeouts: {implicit: 0, pageLoad: 300000, script: 30000}, unhandledPromptBehavior: dismiss and notify}
Session ID: 6b7bdbab7cbef012723ab2358a5c1da2
Caused by: org.openqa.selenium.ElementClickInterceptedException: 
element click intercepted: Element <a href="https://www.phptravels.net/cars/united-kingdom/manchester/Kia-Pacanto-2014?&amp;pickupLocation=7&amp;dropoffLocation=7&amp;pickupDate=29/11/2019&amp;pickupTime=09:00&amp;dropoffDate=03/12/2019&amp;dropoffTime=18:00" class="btn btn-primary btn-sm btn-wide">...</a> is not clickable at point (905, 482). Other element would receive the click: <div id="usertrack-consent" style="background: white; border-radius: 5px; box-shadow: rgba(0, 0, 0, 0.2) 0px 0px 5px; z-index: 10001; position: fixed; right: 20px; bottom: 20px; font-family: Arial; text-align: center; transform-origin: right center; width: 350px; padding: 20px; opacity: 1; transform: scaleX(1); transition: opacity 0.2s ease-out 0s, transform 0.2s ease-out 0s;">...</div>
  (Session info: chrome=78.0.3904.87)
Build info: version: '3.141.59', revision: 'e82be7d358', time: '2018-11-14T08:17:03'
System info: host: 'CBT-MH-000', ip: '192.168.84.1', os.name: 'Windows 8.1', os.arch: 'x86', os.version: '6.3', java.version: '1.8.0_144'
Driver info: org.openqa.selenium.chrome.ChromeDriver
Capabilities {acceptInsecureCerts: false, browserName: chrome, browserVersion: 78.0.3904.87, chrome: {chromedriverVersion: 78.0.3904.70 (edb9c9f3de024..., userDataDir: C:\Windows\TEMP\scoped_dir1...}, goog:chromeOptions: {debuggerAddress: localhost:54562}, javascriptEnabled: true, networkConnectionEnabled: false, pageLoadStrategy: normal, platform: XP, platformName: XP, proxy: Proxy(), setWindowRect: true, strictFileInteractability: false, timeouts: {implicit: 0, pageLoad: 300000, script: 30000}, unhandledPromptBehavior: dismiss and notify}
Session ID: 6b7bdbab7cbef012723ab2358a5c1da2
]]></failure>
    <system-out><![CDATA[
&amp#27;[31mFailed scenarios:&amp#27;[0m
&amp#27;[31mBooking.feature:3 &amp#27;[0m# Scenario: Booking the car

1 Scenarios (&amp#27;[31m1 failed&amp#27;[0m)
4 Steps (&amp#27;[31m1 failed&amp#27;[0m, &amp#27;[36m1 skipped&amp#27;[0m, &amp#27;[32m2 passed&amp#27;[0m)
0m36.379s

org.openqa.selenium.ElementClickInterceptedException: element click intercepted: Element <a href="https://www.phptravels.net/cars/united-kingdom/manchester/Kia-Pacanto-2014?&amp;pickupLocation=7&amp;dropoffLocation=7&amp;pickupDate=29/11/2019&amp;pickupTime=09:00&amp;dropoffDate=03/12/2019&amp;dropoffTime=18:00" class="btn btn-primary btn-sm btn-wide">...</a> is not clickable at point (905, 482). Other element would receive the click: <div id="usertrack-consent" style="background: white; border-radius: 5px; box-shadow: rgba(0, 0, 0, 0.2) 0px 0px 5px; z-index: 10001; position: fixed; right: 20px; bottom: 20px; font-family: Arial; text-align: center; transform-origin: right center; width: 350px; padding: 20px; opacity: 1; transform: scaleX(1); transition: opacity 0.2s ease-out 0s, transform 0.2s ease-out 0s;">...</div>
  (Session info: chrome=78.0.3904.87)
Build info: version: '3.141.59', revision: 'e82be7d358', time: '2018-11-14T08:17:03'
System info: host: 'CBT-MH-000', ip: '192.168.84.1', os.name: 'Windows 8.1', os.arch: 'x86', os.version: '6.3', java.version: '1.8.0_144'
Driver info: org.openqa.selenium.chrome.ChromeDriver
Capabilities {acceptInsecureCerts: false, browserName: chrome, browserVersion: 78.0.3904.87, chrome: {chromedriverVersion: 78.0.3904.70 (edb9c9f3de024..., userDataDir: C:\Windows\TEMP\scoped_dir9...}, goog:chromeOptions: {debuggerAddress: localhost:54491}, javascriptEnabled: true, networkConnectionEnabled: false, pageLoadStrategy: normal, platform: XP, platformName: XP, proxy: Proxy(), setWindowRect: true, strictFileInteractability: false, timeouts: {implicit: 0, pageLoad: 300000, script: 30000}, unhandledPromptBehavior: dismiss and notify}
Session ID: d7a132cd9d78e534f67eac4bf5f39f32
	at sun.reflect.NativeConstructorAccessorImpl.newInstance0(Native Method)
	at sun.reflect.NativeConstructorAccessorImpl.newInstance(Unknown Source)
	at sun.reflect.DelegatingConstructorAccessorImpl.newInstance(Unknown Source)
	at java.lang.reflect.Constructor.newInstance(Unknown Source)
	at org.openqa.selenium.remote.http.W3CHttpResponseCodec.createException(W3CHttpResponseCodec.java:187)
	at org.openqa.selenium.remote.http.W3CHttpResponseCodec.decode(W3CHttpResponseCodec.java:122)
	at org.openqa.selenium.remote.http.W3CHttpResponseCodec.decode(W3CHttpResponseCodec.java:49)
	at org.openqa.selenium.remote.HttpCommandExecutor.execute(HttpCommandExecutor.java:158)
	at org.openqa.selenium.remote.service.DriverCommandExecutor.execute(DriverCommandExecutor.java:83)
	at org.openqa.selenium.remote.RemoteWebDriver.execute(RemoteWebDriver.java:552)
	at org.openqa.selenium.remote.RemoteWebElement.execute(RemoteWebElement.java:285)
	at org.openqa.selenium.remote.RemoteWebElement.click(RemoteWebElement.java:84)
	at PageObjects.CarSearch.Search(CarSearch.java:87)
	at StepDefinitions.StepDefinition.search_for_the_car(StepDefinition.java:32)
	at ?.When Search for the car(Booking.feature:7)

150
]]></system-out>
    <system-err><![CDATA[Starting ChromeDriver 78.0.3904.70 (edb9c9f3de0247fd912a77b7f6cae7447f6d3ad5-refs/branch-heads/3904@{#800}) on port 13306
Only local connections are allowed.
Please protect ports used by ChromeDriver and related test frameworks to prevent access by malicious code.
Nov 05, 2019 5:01:41 PM org.openqa.selenium.remote.ProtocolHandshake createSession
INFO: Detected dialect: W3C
]]></system-err>
  </testcase>
</testsuite>