<?xml version="1.0" encoding="UTF-8"?>
<testng-results skipped="0" failed="0" ignored="0" total="1" passed="1">
  <reporter-output>
  </reporter-output>
  <suite name="Default suite" duration-ms="49970" started-at="2019-10-11T08:28:55Z" finished-at="2019-10-11T08:29:45Z">
    <groups>
    </groups>
    <test name="Default test" duration-ms="49970" started-at="2019-10-11T08:28:55Z" finished-at="2019-10-11T08:29:45Z">
      <class name="TestPackage.ValidateHotelSearch">
        <test-method status="PASS" signature="bsuite()[pri:0, instance:TestPackage.ValidateHotelSearch@754ba872]" name="bsuite" is-config="true" duration-ms="1306" started-at="2019-10-11T13:58:54Z" finished-at="2019-10-11T13:58:55Z">
          <reporter-output>
          </reporter-output>
        </test-method> <!-- bsuite -->
        <test-method status="PASS" signature="preConditions()[pri:0, instance:TestPackage.ValidateHotelSearch@754ba872]" name="preConditions" is-config="true" duration-ms="10035" started-at="2019-10-11T13:58:55Z" finished-at="2019-10-11T13:59:06Z">
          <reporter-output>
          </reporter-output>
        </test-method> <!-- preConditions -->
        <test-method status="PASS" signature="CheckHotelSearch()[pri:0, instance:TestPackage.ValidateHotelSearch@754ba872]" name="CheckHotelSearch" duration-ms="39897" started-at="2019-10-11T13:59:06Z" finished-at="2019-10-11T13:59:45Z">
          <reporter-output>
          </reporter-output>
        </test-method> <!-- CheckHotelSearch -->
      </class> <!-- TestPackage.ValidateHotelSearch -->
    </test> <!-- Default test -->
  </suite> <!-- Default suite -->
</testng-results>
